Arguments: 
  /Users/graham.troyer-joy/.nvm/versions/node/v6.11.2/bin/node /Users/graham.troyer-joy/.nvm/versions/node/v6.11.2/bin/yarn start

PATH: 
  /Users/graham.troyer-joy/.rbenv/shims:/Users/graham.troyer-joy/.nvm/versions/node/v6.11.2/bin:/usr/local/bin:/usr/bin:/bin:/usr/sbin:/sbin

Yarn version: 
  1.5.1

Node version: 
  6.11.2

Platform: 
  darwin x64

npm manifest: 
  No manifest

yarn manifest: 
  No manifest

Lockfile: 
  No lockfile

Trace: 
  Error: Couldn't find a package.json file in "/Users/graham.troyer-joy/Code/nyc-web-031218/37-auth-frontend"
      at MessageError.Error (native)
      at new MessageError (/Users/graham.troyer-joy/.nvm/versions/node/v6.11.2/lib/node_modules/yarn/lib/cli.js:186:110)
      at /Users/graham.troyer-joy/.nvm/versions/node/v6.11.2/lib/node_modules/yarn/lib/cli.js:40048:15
      at next (native)
      at step (/Users/graham.troyer-joy/.nvm/versions/node/v6.11.2/lib/node_modules/yarn/lib/cli.js:98:30)
      at /Users/graham.troyer-joy/.nvm/versions/node/v6.11.2/lib/node_modules/yarn/lib/cli.js:109:13
